2025-09-17 07:24:10 - Telegram disabled (missing keys). Saved locally.
🔥 CATASTROPHIC SCRIPT FAILURE 🔥
---------------------------------
Script: MasterDashboard
Exit Code: 1


📜 Error Output:
=== RUN START: 2025-09-17 07:24:10 ====


Time: 2025-09-17 07:24:10

2025-09-17 07:24:17 - Telegram disabled (missing keys). Saved locally.
🔥 CATASTROPHIC SCRIPT FAILURE 🔥
---------------------------------
Script: MasterDashboard
Exit Code: 1


📜 Error Output:
=== RUN START: 2025-09-17 07:24:17 ====


Time: 2025-09-17 07:24:17

2025-09-17 07:35:05 - Telegram disabled (missing keys). Saved locally.
🔥 CATASTROPHIC SCRIPT FAILURE 🔥
---------------------------------
Script: MasterDashboard
Exit Code: 1


📜 Error Output:
=== RUN START: 2025-09-17 07:35:05 ====


Time: 2025-09-17 07:35:05

2025-09-17 16:54:27 - Telegram disabled (missing keys). Saved locally.
🔥 CATASTROPHIC SCRIPT FAILURE 🔥
---------------------------------
Script: MasterDashboard
Exit Code: 1


📜 Error Output:
=== RUN START: 2025-09-17 16:54:27 ====


Time: 2025-09-17 16:54:27

2025-09-17 22:08:33 - Telegram disabled (missing keys). Saved locally.
🔥 CATASTROPHIC SCRIPT FAILURE 🔥
---------------------------------
Script: MasterDashboard
Exit Code: 1


📜 Error Output:
=== RUN START: 2025-09-17 22:08:33 ====


Time: 2025-09-17 22:08:33

2025-09-17 22:20:17 - Telegram disabled (missing keys). Saved locally.
🔥 CATASTROPHIC SCRIPT FAILURE 🔥
---------------------------------
Script: MasterDashboard
Exit Code: 1


📜 Error Output:
=== RUN START: 2025-09-17 22:20:17 ====


Time: 2025-09-17 22:20:17

